2025-04-15 13:10:55,689 INFO: 포커 게임 시작 [in D:\python project\web_poker_git\poker-game\app\__init__.py:71]
2025-04-15 13:10:56,144 INFO: 포커 게임 시작 [in D:\python project\web_poker_git\poker-game\app\__init__.py:71]
2025-04-15 14:35:25,105 INFO: 컴퓨터 게임 페이지 로드: 게임 상태 초기화됨 [in D:\python project\web_poker_git\poker-game\app\routes.py:50]
2025-04-15 14:35:25,133 WARNING: 요청 컨텍스트 외부에서 game 저장 시도 [in D:\python project\web_poker_git\poker-game\app\routes.py:141]
2025-04-15 14:35:33,780 INFO: 새 게임 시작 [in D:\python project\web_poker_git\poker-game\app\routes.py:74]
2025-04-15 14:35:33,784 WARNING: 요청 컨텍스트 외부에서 game 저장 시도 [in D:\python project\web_poker_git\poker-game\app\routes.py:141]
2025-04-15 14:35:42,370 WARNING: 요청 컨텍스트 외부에서 game 저장 시도 [in D:\python project\web_poker_git\poker-game\app\routes.py:141]
2025-04-15 14:35:44,343 WARNING: 요청 컨텍스트 외부에서 game 저장 시도 [in D:\python project\web_poker_git\poker-game\app\routes.py:141]
2025-04-15 14:35:48,117 WARNING: 요청 컨텍스트 외부에서 game 저장 시도 [in D:\python project\web_poker_git\poker-game\app\routes.py:141]
2025-04-15 14:35:49,951 WARNING: 요청 컨텍스트 외부에서 game 저장 시도 [in D:\python project\web_poker_git\poker-game\app\routes.py:141]
2025-04-15 14:35:51,685 WARNING: 요청 컨텍스트 외부에서 game 저장 시도 [in D:\python project\web_poker_git\poker-game\app\routes.py:141]
2025-04-15 14:35:56,834 INFO: 새 게임 준비 [in D:\python project\web_poker_git\poker-game\app\routes.py:149]
2025-04-15 14:35:56,835 WARNING: 요청 컨텍스트 외부에서 game 저장 시도 [in D:\python project\web_poker_git\poker-game\app\routes.py:141]
2025-04-15 14:35:56,841 INFO: 컴퓨터 게임 페이지 로드: 게임 상태 초기화됨 [in D:\python project\web_poker_git\poker-game\app\routes.py:50]
2025-04-15 14:35:56,842 WARNING: 요청 컨텍스트 외부에서 game 저장 시도 [in D:\python project\web_poker_git\poker-game\app\routes.py:141]
2025-04-15 14:37:31,709 INFO: 새 게임 시작 [in D:\python project\web_poker_git\poker-game\app\routes.py:74]
2025-04-15 14:37:31,711 WARNING: 요청 컨텍스트 외부에서 game 저장 시도 [in D:\python project\web_poker_git\poker-game\app\routes.py:141]
2025-04-15 14:37:54,476 WARNING: 요청 컨텍스트 외부에서 game 저장 시도 [in D:\python project\web_poker_git\poker-game\app\routes.py:141]
2025-04-15 14:37:56,300 WARNING: 요청 컨텍스트 외부에서 game 저장 시도 [in D:\python project\web_poker_git\poker-game\app\routes.py:141]
2025-04-15 14:37:57,875 WARNING: 요청 컨텍스트 외부에서 game 저장 시도 [in D:\python project\web_poker_git\poker-game\app\routes.py:141]
2025-04-15 14:37:59,428 WARNING: 요청 컨텍스트 외부에서 game 저장 시도 [in D:\python project\web_poker_git\poker-game\app\routes.py:141]
2025-04-15 14:38:00,839 WARNING: 요청 컨텍스트 외부에서 game 저장 시도 [in D:\python project\web_poker_git\poker-game\app\routes.py:141]
2025-04-15 14:38:04,485 INFO: 새 게임 준비 [in D:\python project\web_poker_git\poker-game\app\routes.py:149]
2025-04-15 14:38:04,489 WARNING: 요청 컨텍스트 외부에서 game 저장 시도 [in D:\python project\web_poker_git\poker-game\app\routes.py:141]
2025-04-15 14:38:04,498 INFO: 컴퓨터 게임 페이지 로드: 게임 상태 초기화됨 [in D:\python project\web_poker_git\poker-game\app\routes.py:50]
2025-04-15 14:38:04,501 WARNING: 요청 컨텍스트 외부에서 game 저장 시도 [in D:\python project\web_poker_git\poker-game\app\routes.py:141]
2025-04-15 14:38:06,095 INFO: 새 게임 시작 [in D:\python project\web_poker_git\poker-game\app\routes.py:74]
2025-04-15 14:38:06,102 WARNING: 요청 컨텍스트 외부에서 game 저장 시도 [in D:\python project\web_poker_git\poker-game\app\routes.py:141]
2025-04-15 14:38:17,137 WARNING: 요청 컨텍스트 외부에서 game 저장 시도 [in D:\python project\web_poker_git\poker-game\app\routes.py:141]
2025-04-15 14:38:21,373 WARNING: 요청 컨텍스트 외부에서 game 저장 시도 [in D:\python project\web_poker_git\poker-game\app\routes.py:141]
2025-04-15 14:38:24,413 WARNING: 요청 컨텍스트 외부에서 game 저장 시도 [in D:\python project\web_poker_git\poker-game\app\routes.py:141]
2025-04-15 14:38:28,251 WARNING: 요청 컨텍스트 외부에서 game 저장 시도 [in D:\python project\web_poker_git\poker-game\app\routes.py:141]
2025-04-15 14:38:32,344 WARNING: 요청 컨텍스트 외부에서 game 저장 시도 [in D:\python project\web_poker_git\poker-game\app\routes.py:141]
2025-04-15 14:47:47,396 INFO: 포커 게임 시작 [in D:\python project\web_poker_git\poker-game\app\__init__.py:71]
2025-04-15 14:48:18,112 INFO: 컴퓨터 게임 페이지 로드: 게임 상태 초기화됨 [in D:\python project\web_poker_git\poker-game\app\routes.py:51]
2025-04-15 14:48:18,135 WARNING: 요청 컨텍스트 외부에서 game 저장 시도 [in D:\python project\web_poker_git\poker-game\app\routes.py:142]
2025-04-15 14:48:19,158 INFO: 새 게임 준비 [in D:\python project\web_poker_git\poker-game\app\routes.py:150]
2025-04-15 14:48:19,161 WARNING: 요청 컨텍스트 외부에서 game 저장 시도 [in D:\python project\web_poker_git\poker-game\app\routes.py:142]
2025-04-15 14:48:19,171 INFO: 컴퓨터 게임 페이지 로드: 게임 상태 초기화됨 [in D:\python project\web_poker_git\poker-game\app\routes.py:51]
2025-04-15 14:48:19,173 WARNING: 요청 컨텍스트 외부에서 game 저장 시도 [in D:\python project\web_poker_git\poker-game\app\routes.py:142]
2025-04-15 14:48:19,792 INFO: 새 게임 시작 [in D:\python project\web_poker_git\poker-game\app\routes.py:75]
2025-04-15 14:48:19,795 WARNING: 요청 컨텍스트 외부에서 game 저장 시도 [in D:\python project\web_poker_git\poker-game\app\routes.py:142]
2025-04-15 14:51:31,608 INFO: 포커 게임 시작 [in D:\python project\web_poker_git\poker-game\app\__init__.py:71]
2025-04-15 14:52:23,228 WARNING: 요청 컨텍스트 외부에서 game 저장 시도 (teardown_appcontext) [in D:\python project\web_poker_git\poker-game\app\routes.py:137]
2025-04-15 14:52:23,329 WARNING: 요청 컨텍스트 외부에서 game 저장 시도 (teardown_appcontext) [in D:\python project\web_poker_git\poker-game\app\routes.py:137]
2025-04-15 14:52:23,330 WARNING: 요청 컨텍스트 외부에서 game 저장 시도 (teardown_appcontext) [in D:\python project\web_poker_git\poker-game\app\routes.py:137]
2025-04-15 14:52:24,100 INFO: 컴퓨터 게임 페이지 로드: 게임 상태 초기화됨 [in D:\python project\web_poker_git\poker-game\app\routes.py:51]
2025-04-15 14:52:24,126 WARNING: 요청 컨텍스트 외부에서 game 저장 시도 (teardown_appcontext) [in D:\python project\web_poker_git\poker-game\app\routes.py:137]
2025-04-15 14:52:24,145 WARNING: 요청 컨텍스트 외부에서 game 저장 시도 (teardown_appcontext) [in D:\python project\web_poker_git\poker-game\app\routes.py:137]
2025-04-15 14:52:24,145 WARNING: 요청 컨텍스트 외부에서 game 저장 시도 (teardown_appcontext) [in D:\python project\web_poker_git\poker-game\app\routes.py:137]
2025-04-15 14:52:24,798 INFO: 새 게임 준비 [in D:\python project\web_poker_git\poker-game\app\routes.py:152]
2025-04-15 14:52:24,799 WARNING: 요청 컨텍스트 외부에서 game 저장 시도 (teardown_appcontext) [in D:\python project\web_poker_git\poker-game\app\routes.py:137]
2025-04-15 14:52:24,807 INFO: 컴퓨터 게임 페이지 로드: 게임 상태 초기화됨 [in D:\python project\web_poker_git\poker-game\app\routes.py:51]
2025-04-15 14:52:24,808 WARNING: 요청 컨텍스트 외부에서 game 저장 시도 (teardown_appcontext) [in D:\python project\web_poker_git\poker-game\app\routes.py:137]
2025-04-15 14:52:24,841 WARNING: 요청 컨텍스트 외부에서 game 저장 시도 (teardown_appcontext) [in D:\python project\web_poker_git\poker-game\app\routes.py:137]
2025-04-15 14:52:24,847 WARNING: 요청 컨텍스트 외부에서 game 저장 시도 (teardown_appcontext) [in D:\python project\web_poker_git\poker-game\app\routes.py:137]
2025-04-15 14:52:26,031 INFO: 새 게임 시작 [in D:\python project\web_poker_git\poker-game\app\routes.py:75]
2025-04-15 14:52:26,033 WARNING: 요청 컨텍스트 외부에서 game 저장 시도 (teardown_appcontext) [in D:\python project\web_poker_git\poker-game\app\routes.py:137]
2025-04-15 14:52:26,052 WARNING: 요청 컨텍스트 외부에서 game 저장 시도 (teardown_appcontext) [in D:\python project\web_poker_git\poker-game\app\routes.py:137]
2025-04-15 14:52:26,053 WARNING: 요청 컨텍스트 외부에서 game 저장 시도 (teardown_appcontext) [in D:\python project\web_poker_git\poker-game\app\routes.py:137]
2025-04-15 14:59:23,352 INFO: 포커 게임 시작 [in D:\python project\web_poker_git\poker-game\app\__init__.py:71]
2025-04-15 14:59:35,452 INFO: 포커 게임 시작 [in D:\python project\web_poker_git\poker-game\app\__init__.py:71]
2025-04-15 14:59:52,866 WARNING: 요청 컨텍스트 외부에서 game 저장 시도 (teardown_appcontext) [in D:\python project\web_poker_git\poker-game\app\routes.py:137]
2025-04-15 14:59:52,980 WARNING: 요청 컨텍스트 외부에서 game 저장 시도 (teardown_appcontext) [in D:\python project\web_poker_git\poker-game\app\routes.py:137]
2025-04-15 14:59:52,982 WARNING: 요청 컨텍스트 외부에서 game 저장 시도 (teardown_appcontext) [in D:\python project\web_poker_git\poker-game\app\routes.py:137]
2025-04-15 15:03:58,543 INFO: 포커 게임 시작 [in D:\python project\web_poker_git\poker-game\app\__init__.py:71]
2025-04-15 15:04:17,152 INFO: 컴퓨터 게임 페이지 로드: 게임 상태 초기화됨 [in D:\python project\web_poker_git\poker-game\app\routes.py:51]
2025-04-15 15:04:25,286 INFO: 새 게임 준비 [in D:\python project\web_poker_git\poker-game\app\routes.py:155]
2025-04-15 15:04:25,297 INFO: 컴퓨터 게임 페이지 로드: 게임 상태 초기화됨 [in D:\python project\web_poker_git\poker-game\app\routes.py:51]
2025-04-15 15:04:32,601 INFO: 새 게임 시작 [in D:\python project\web_poker_git\poker-game\app\routes.py:75]
2025-04-15 15:05:01,789 INFO: 새 게임 준비 [in D:\python project\web_poker_git\poker-game\app\routes.py:155]
2025-04-15 15:05:01,800 INFO: 컴퓨터 게임 페이지 로드: 게임 상태 초기화됨 [in D:\python project\web_poker_git\poker-game\app\routes.py:51]
2025-04-15 15:05:06,123 INFO: 새 게임 시작 [in D:\python project\web_poker_git\poker-game\app\routes.py:75]
